  EnemyFlee.cpp
c:\users\gameuser\documents\ai_for_games\ai labs\ai_lab2b\enemyflee.cpp(19): warning C4244: 'argument': conversion from 'time_t' to 'unsigned int', possible loss of data
c:\users\gameuser\documents\ai_for_games\ai labs\ai_lab2b\enemyflee.cpp(80): warning C4244: 'return': conversion from 'double' to 'float', possible loss of data
  EnemySeek.cpp
c:\users\gameuser\documents\ai_for_games\ai labs\ai_lab2b\enemyseek.cpp(21): warning C4244: 'argument': conversion from 'time_t' to 'unsigned int', possible loss of data
c:\users\gameuser\documents\ai_for_games\ai labs\ai_lab2b\enemyseek.cpp(74): warning C4244: 'return': conversion from 'double' to 'float', possible loss of data
  EnemyWander.cpp
c:\users\gameuser\documents\ai_for_games\ai labs\ai_lab2b\enemywander.cpp(21): warning C4244: 'argument': conversion from 'time_t' to 'unsigned int', possible loss of data
c:\users\gameuser\documents\ai_for_games\ai labs\ai_lab2b\enemywander.cpp(83): warning C4244: 'return': conversion from 'double' to 'float', possible loss of data
  Game.cpp
  Main.cpp
  Player.cpp
c:\users\gameuser\documents\ai_for_games\ai labs\ai_lab2b\player.cpp(18): warning C4305: 'argument': truncation from 'double' to 'float'
c:\users\gameuser\documents\ai_for_games\ai labs\ai_lab2b\player.cpp(19): warning C4244: 'argument': conversion from 'int' to 'float', possible loss of data
c:\users\gameuser\documents\ai_for_games\ai labs\ai_lab2b\player.cpp(20): warning C4305: '=': truncation from 'double' to 'float'
c:\users\gameuser\documents\ai_for_games\ai labs\ai_lab2b\player.cpp(91): warning C4244: '=': conversion from 'double' to 'float', possible loss of data
c:\users\gameuser\documents\ai_for_games\ai labs\ai_lab2b\player.cpp(92): warning C4244: '=': conversion from 'double' to 'float', possible loss of data
c:\users\gameuser\documents\ai_for_games\ai labs\ai_lab2b\player.cpp(95): warning C4244: '=': conversion from 'double' to 'float', possible loss of data
c:\users\gameuser\documents\ai_for_games\ai labs\ai_lab2b\player.cpp(96): warning C4244: '=': conversion from 'double' to 'float', possible loss of data
  Generating Code...
  AI_Lab2b.vcxproj -> C:\Users\gameuser\Documents\AI_For_Games\AI labs\AI_Lab2b\Debug\AI_Lab2b.exe
